2017-04-11 11:58:59,678 INFO - Server ready
2017-04-11 11:58:59,712 INFO - Server ready
2017-04-11 12:00:00,607 INFO - Server ready
2017-04-11 12:00:00,627 INFO - Server ready
2017-04-11 12:02:55,018 INFO - Server ready
2017-04-11 12:02:55,038 INFO - Server ready
2017-04-11 12:03:36,601 INFO - Server ready
2017-04-11 12:04:41,412 INFO - Server ready
2017-04-11 12:08:12,789 INFO - Server ready
2017-04-11 12:08:54,607 INFO - Server ready
2017-04-11 12:09:15,257 INFO - Server ready
2017-04-11 12:10:50,246 INFO - Server ready
2017-04-11 12:10:50,268 INFO - Server ready
2017-04-11 12:10:50,272 INFO - Server ready
2017-04-11 12:10:50,274 INFO - Server ready
2017-04-11 12:10:50,276 INFO - Server ready
2017-04-11 12:10:50,278 INFO - Server ready
2017-04-11 12:10:50,279 INFO - Server ready
2017-04-11 12:10:50,281 INFO - Server ready
2017-04-11 12:10:50,282 INFO - Server ready
2017-04-11 12:10:50,284 INFO - Server ready
2017-04-11 12:12:12,145 INFO - Server ready
2017-04-11 12:12:50,428 INFO - Server ready
2017-04-11 12:16:09,693 INFO - Server ready
2017-04-11 12:16:45,458 INFO - Server ready
2017-04-11 12:17:34,990 INFO - Server ready
2017-04-11 12:21:13,609 INFO - Server ready
2017-04-11 12:32:03,585 INFO - Server ready
2017-04-13 16:33:31,958 DEBUG - 2
2017-04-13 16:33:32,058 INFO - Server ready
2017-04-13 16:36:06,871 INFO - Server ready
2017-04-13 16:38:25,111 INFO - Server ready
2017-04-13 16:38:25,235 INFO - Server ready
2017-04-13 16:38:25,367 INFO - Server ready
2017-04-13 16:38:25,394 INFO - Server ready
2017-04-13 16:38:25,427 INFO - Server ready
2017-04-13 16:38:25,479 INFO - Server ready
2017-04-13 16:38:25,529 INFO - Server ready
2017-04-13 16:38:25,599 INFO - Server ready
2017-04-13 16:38:25,626 INFO - Server ready
2017-04-13 16:38:25,684 INFO - Server ready
2017-04-13 16:38:25,761 INFO - Server ready
2017-04-13 16:40:16,623 INFO - Server ready
2017-04-13 16:48:54,832 INFO - Server ready
2017-04-13 16:51:21,123 INFO - Server ready
2017-04-13 16:51:50,517 INFO - Server ready
2017-04-13 16:52:09,248 INFO - Server ready
2017-04-13 16:52:29,652 INFO - Server ready
2017-04-13 18:43:31,413 INFO - Server ready
2017-04-13 18:43:31,686 INFO - Server ready
2017-04-13 18:43:31,879 INFO - Server ready
2017-04-13 18:43:32,081 INFO - Server ready
2017-04-13 18:43:32,150 INFO - Server ready
2017-04-13 18:43:32,211 INFO - Server ready
2017-04-13 18:43:32,291 INFO - Server ready
2017-04-13 18:43:32,371 INFO - Server ready
2017-04-13 18:43:32,449 INFO - Server ready
2017-04-13 18:43:32,531 INFO - Server ready
2017-04-13 18:43:32,567 INFO - Server ready
2017-04-13 18:44:02,150 INFO - Server ready
2017-04-13 18:44:02,299 INFO - Server ready
2017-04-13 18:44:02,438 INFO - Server ready
2017-04-13 18:44:02,557 INFO - Server ready
2017-04-13 18:44:02,635 INFO - Server ready
2017-04-13 18:44:02,755 INFO - Server ready
2017-04-13 18:44:02,949 INFO - Server ready
2017-04-13 18:44:03,042 INFO - Server ready
2017-04-13 18:44:03,142 INFO - Server ready
2017-04-13 18:44:03,197 INFO - Server ready
2017-04-13 18:44:03,262 INFO - Server ready
2017-04-13 18:50:23,220 INFO - Server ready
2017-04-13 18:50:23,483 DEBUG - generated -02a57ee2-f95e-3cee-9b24-869982c2b375
2017-04-13 18:50:23,484 DEBUG - User: 02a57ee2-f95e-3cee-9b24-869982c2b375 created.
2017-04-13 18:50:23,544 INFO - Server ready
2017-04-13 18:50:23,659 DEBUG - generated -f34bed75-7044-3f46-8d7b-1b155f7025a9
2017-04-13 18:50:23,659 DEBUG - User: f34bed75-7044-3f46-8d7b-1b155f7025a9 created.
2017-04-13 18:50:23,681 DEBUG - generated -f34bed75-7044-3f46-8d7b-1b155f7025a9
2017-04-13 18:50:23,702 INFO - Server ready
2017-04-13 18:50:23,870 DEBUG - generated -313e1c08-d7d1-3f1b-8e91-429984b73bed
2017-04-13 18:50:23,870 DEBUG - User: 313e1c08-d7d1-3f1b-8e91-429984b73bed created.
2017-04-13 18:50:23,954 DEBUG - 313e1c08-d7d1-3f1b-8e91-429984b73bed - put action
2017-04-13 18:50:23,987 DEBUG - 313e1c08-d7d1-3f1b-8e91-429984b73bed - put action
2017-04-13 18:50:23,999 INFO - Server ready
2017-04-13 18:50:24,109 DEBUG - generated -f8b4b73f-5c2e-3c71-aaf5-1c384882abf1
2017-04-13 18:50:24,110 DEBUG - User: f8b4b73f-5c2e-3c71-aaf5-1c384882abf1 created.
2017-04-13 18:50:24,143 DEBUG - f8b4b73f-5c2e-3c71-aaf5-1c384882abf1 - put action
2017-04-13 18:50:24,175 DEBUG - f8b4b73f-5c2e-3c71-aaf5-1c384882abf1 - put action
2017-04-13 18:50:24,188 INFO - Server ready
2017-04-13 18:50:24,251 DEBUG - generated -bf949bac-096b-3e7b-a1fa-7e84cfaf6b5f
2017-04-13 18:50:24,251 DEBUG - User: bf949bac-096b-3e7b-a1fa-7e84cfaf6b5f created.
2017-04-13 18:50:24,294 INFO - Server ready
2017-04-13 18:50:24,384 DEBUG - generated -465a66a0-1c38-30a1-ad36-6ad507514bd6
2017-04-13 18:50:24,385 DEBUG - User: 465a66a0-1c38-30a1-ad36-6ad507514bd6 created.
2017-04-13 18:50:24,410 DEBUG - 465a66a0-1c38-30a1-ad36-6ad507514bd6 - put action
2017-04-13 18:50:24,429 INFO - Server ready
2017-04-13 18:50:24,466 DEBUG - generated -862eb110-3677-3662-a32b-c3eab111e47d
2017-04-13 18:50:24,466 DEBUG - User: 862eb110-3677-3662-a32b-c3eab111e47d created.
2017-04-13 18:50:24,494 DEBUG - 862eb110-3677-3662-a32b-c3eab111e47d - put action
2017-04-13 18:50:24,521 DEBUG - 862eb110-3677-3662-a32b-c3eab111e47d - get action
2017-04-13 18:50:24,540 INFO - Server ready
2017-04-13 18:50:24,697 DEBUG - generated -474c58ec-0979-366f-b772-f5bfdbc61d6c
2017-04-13 18:50:24,697 DEBUG - User: 474c58ec-0979-366f-b772-f5bfdbc61d6c created.
2017-04-13 18:50:24,724 DEBUG - 474c58ec-0979-366f-b772-f5bfdbc61d6c - put action
2017-04-13 18:50:24,735 INFO - Server ready
2017-04-13 18:50:24,801 DEBUG - generated -0e0d486b-3895-3d93-9833-c7dc6c702de9
2017-04-13 18:50:24,802 DEBUG - User: 0e0d486b-3895-3d93-9833-c7dc6c702de9 created.
2017-04-13 18:50:24,825 DEBUG - 0e0d486b-3895-3d93-9833-c7dc6c702de9 - put action
2017-04-13 18:50:24,836 INFO - Server ready
2017-04-13 18:50:24,916 DEBUG - generated -89c0e519-9f5a-343d-af38-a28740ffc343
2017-04-13 18:50:24,916 DEBUG - User: 89c0e519-9f5a-343d-af38-a28740ffc343 created.
2017-04-13 18:50:24,943 DEBUG - 89c0e519-9f5a-343d-af38-a28740ffc343 - put action
2017-04-13 18:50:24,971 DEBUG - 89c0e519-9f5a-343d-af38-a28740ffc343 - get action
2017-04-13 18:50:25,002 DEBUG - 89c0e519-9f5a-343d-af38-a28740ffc343 - put action
2017-04-13 18:50:25,024 DEBUG - 89c0e519-9f5a-343d-af38-a28740ffc343 - get action
2017-04-13 18:50:25,036 INFO - Server ready
2017-04-13 18:50:25,089 DEBUG - generated -52a3a263-16cf-37d4-8dff-3a820a51a942
2017-04-13 18:50:25,089 DEBUG - User: 52a3a263-16cf-37d4-8dff-3a820a51a942 created.
2017-04-13 18:53:36,405 INFO - Server ready
2017-04-13 18:53:36,588 DEBUG - generated -41e89029-1ca9-3c57-b1ee-73fe77daf73e
2017-04-13 18:53:36,589 DEBUG - User: 41e89029-1ca9-3c57-b1ee-73fe77daf73e created.
2017-04-13 18:53:36,632 INFO - Server ready
2017-04-13 18:53:36,737 DEBUG - generated -7032d26c-9e49-3fc7-8f99-52b828ed28c1
2017-04-13 18:53:36,737 DEBUG - User: 7032d26c-9e49-3fc7-8f99-52b828ed28c1 created.
2017-04-13 18:53:36,760 DEBUG - generated -7032d26c-9e49-3fc7-8f99-52b828ed28c1
2017-04-13 18:53:36,780 INFO - Server ready
2017-04-13 18:53:36,870 DEBUG - generated -3dec5158-f61a-3b65-90f2-1323f80a450f
2017-04-13 18:53:36,871 DEBUG - User: 3dec5158-f61a-3b65-90f2-1323f80a450f created.
2017-04-13 18:53:36,952 DEBUG - 3dec5158-f61a-3b65-90f2-1323f80a450f - put action
2017-04-13 18:53:36,984 DEBUG - 3dec5158-f61a-3b65-90f2-1323f80a450f - put action
2017-04-13 18:53:36,999 INFO - Server ready
2017-04-13 18:53:37,051 DEBUG - generated -ad804f8f-9e5f-3d97-ac9d-25f48723f0a6
2017-04-13 18:53:37,051 DEBUG - User: ad804f8f-9e5f-3d97-ac9d-25f48723f0a6 created.
2017-04-13 18:53:37,083 DEBUG - ad804f8f-9e5f-3d97-ac9d-25f48723f0a6 - put action
2017-04-13 18:53:37,124 DEBUG - ad804f8f-9e5f-3d97-ac9d-25f48723f0a6 - put action
2017-04-13 18:53:37,144 INFO - Server ready
2017-04-13 18:53:37,194 DEBUG - generated -bc86cc68-6616-3bd2-8d96-7afc56597f16
2017-04-13 18:53:37,194 DEBUG - User: bc86cc68-6616-3bd2-8d96-7afc56597f16 created.
2017-04-13 18:53:37,234 INFO - Server ready
2017-04-13 18:53:37,336 DEBUG - generated -960e9ba8-de4b-33c7-b8ce-0662313baf3d
2017-04-13 18:53:37,336 DEBUG - User: 960e9ba8-de4b-33c7-b8ce-0662313baf3d created.
2017-04-13 18:53:37,368 DEBUG - 960e9ba8-de4b-33c7-b8ce-0662313baf3d - put action
2017-04-13 18:53:37,383 INFO - Server ready
2017-04-13 18:53:37,425 DEBUG - generated -ce619888-dd24-3dee-8e4c-96a9d1d5bbef
2017-04-13 18:53:37,425 DEBUG - User: ce619888-dd24-3dee-8e4c-96a9d1d5bbef created.
2017-04-13 18:53:37,457 DEBUG - ce619888-dd24-3dee-8e4c-96a9d1d5bbef - put action
2017-04-13 18:53:37,486 DEBUG - ce619888-dd24-3dee-8e4c-96a9d1d5bbef - get action
2017-04-13 18:53:37,509 INFO - Server ready
2017-04-13 18:53:37,565 DEBUG - generated -02f2f32d-c0c5-3a59-aaa6-dc892533b054
2017-04-13 18:53:37,565 DEBUG - User: 02f2f32d-c0c5-3a59-aaa6-dc892533b054 created.
2017-04-13 18:53:37,592 DEBUG - 02f2f32d-c0c5-3a59-aaa6-dc892533b054 - put action
2017-04-13 18:53:37,606 INFO - Server ready
2017-04-13 18:53:37,631 DEBUG - generated -9f33ffc3-2bb9-39fb-9697-1585db6e7e5b
2017-04-13 18:53:37,631 DEBUG - User: 9f33ffc3-2bb9-39fb-9697-1585db6e7e5b created.
2017-04-13 18:53:37,659 DEBUG - 9f33ffc3-2bb9-39fb-9697-1585db6e7e5b - put action
2017-04-13 18:53:37,670 INFO - Server ready
2017-04-13 18:53:37,750 DEBUG - generated -f62a3811-c7cd-316f-ba93-b0e1b294ab5c
2017-04-13 18:53:37,750 DEBUG - User: f62a3811-c7cd-316f-ba93-b0e1b294ab5c created.
2017-04-13 18:53:37,773 DEBUG - f62a3811-c7cd-316f-ba93-b0e1b294ab5c - put action
2017-04-13 18:53:37,796 DEBUG - f62a3811-c7cd-316f-ba93-b0e1b294ab5c - get action
2017-04-13 18:53:37,822 DEBUG - f62a3811-c7cd-316f-ba93-b0e1b294ab5c - put action
2017-04-13 18:53:37,844 DEBUG - f62a3811-c7cd-316f-ba93-b0e1b294ab5c - get action
2017-04-13 18:53:37,857 INFO - Server ready
2017-04-13 18:53:37,991 DEBUG - generated -43bcee55-ffff-3e19-be09-b3bef60d3fc1
2017-04-13 18:53:37,991 DEBUG - User: 43bcee55-ffff-3e19-be09-b3bef60d3fc1 created.
2017-04-13 18:53:54,224 INFO - Server ready
2017-04-13 18:53:54,446 DEBUG - generated -2b9d3ca3-5cec-3157-ac2b-e10bbeb159ee
2017-04-13 18:53:54,447 DEBUG - User: 2b9d3ca3-5cec-3157-ac2b-e10bbeb159ee created.
2017-04-13 18:53:54,493 INFO - Server ready
2017-04-13 18:53:54,606 DEBUG - generated -8973dc91-f3a8-39c8-9514-45d737425d03
2017-04-13 18:53:54,607 DEBUG - User: 8973dc91-f3a8-39c8-9514-45d737425d03 created.
2017-04-13 18:53:54,636 DEBUG - generated -8973dc91-f3a8-39c8-9514-45d737425d03
2017-04-13 18:53:54,659 INFO - Server ready
2017-04-13 18:53:54,776 DEBUG - generated -adb889f0-5ea5-3dc0-8e85-0e3a01022455
2017-04-13 18:53:54,776 DEBUG - User: adb889f0-5ea5-3dc0-8e85-0e3a01022455 created.
2017-04-13 18:53:54,848 DEBUG - adb889f0-5ea5-3dc0-8e85-0e3a01022455 - put action
2017-04-13 18:53:54,878 DEBUG - adb889f0-5ea5-3dc0-8e85-0e3a01022455 - put action
2017-04-13 18:53:54,890 INFO - Server ready
2017-04-13 18:53:54,959 DEBUG - generated -83066d18-29ae-3c79-929d-baeca118d2e3
2017-04-13 18:53:54,959 DEBUG - User: 83066d18-29ae-3c79-929d-baeca118d2e3 created.
2017-04-13 18:53:54,986 DEBUG - 83066d18-29ae-3c79-929d-baeca118d2e3 - put action
2017-04-13 18:53:55,019 DEBUG - 83066d18-29ae-3c79-929d-baeca118d2e3 - put action
2017-04-13 18:53:55,034 INFO - Server ready
2017-04-13 18:53:55,082 DEBUG - generated -cc0f55f4-cd34-3804-accb-bcb68c9aec34
2017-04-13 18:53:55,082 DEBUG - User: cc0f55f4-cd34-3804-accb-bcb68c9aec34 created.
2017-04-13 18:53:55,122 INFO - Server ready
2017-04-13 18:53:55,160 DEBUG - generated -251fe5f2-6634-37ab-842f-6ff749b4f161
2017-04-13 18:53:55,160 DEBUG - User: 251fe5f2-6634-37ab-842f-6ff749b4f161 created.
2017-04-13 18:53:55,185 DEBUG - 251fe5f2-6634-37ab-842f-6ff749b4f161 - put action
2017-04-13 18:53:55,200 INFO - Server ready
2017-04-13 18:53:55,245 DEBUG - generated -f7689722-6f69-39b4-aa5c-1aed96f0becb
2017-04-13 18:53:55,245 DEBUG - User: f7689722-6f69-39b4-aa5c-1aed96f0becb created.
2017-04-13 18:53:55,277 DEBUG - f7689722-6f69-39b4-aa5c-1aed96f0becb - put action
2017-04-13 18:53:55,306 DEBUG - f7689722-6f69-39b4-aa5c-1aed96f0becb - get action
2017-04-13 18:53:55,326 INFO - Server ready
2017-04-13 18:53:55,396 DEBUG - generated -f5a89433-f365-30b5-a56b-cbee5e28934b
2017-04-13 18:53:55,396 DEBUG - User: f5a89433-f365-30b5-a56b-cbee5e28934b created.
2017-04-13 18:53:55,430 DEBUG - f5a89433-f365-30b5-a56b-cbee5e28934b - put action
2017-04-13 18:53:55,441 INFO - Server ready
2017-04-13 18:53:55,489 DEBUG - generated -3bd1f7fa-9b24-3a1c-ae35-9c85b8fd74b5
2017-04-13 18:53:55,489 DEBUG - User: 3bd1f7fa-9b24-3a1c-ae35-9c85b8fd74b5 created.
2017-04-13 18:53:55,517 DEBUG - 3bd1f7fa-9b24-3a1c-ae35-9c85b8fd74b5 - put action
2017-04-13 18:53:55,528 INFO - Server ready
2017-04-13 18:53:55,564 DEBUG - generated -4dbfaa11-3d9d-34fd-b809-b05733563ee1
2017-04-13 18:53:55,564 DEBUG - User: 4dbfaa11-3d9d-34fd-b809-b05733563ee1 created.
2017-04-13 18:53:55,594 DEBUG - 4dbfaa11-3d9d-34fd-b809-b05733563ee1 - put action
2017-04-13 18:53:55,618 DEBUG - 4dbfaa11-3d9d-34fd-b809-b05733563ee1 - get action
2017-04-13 18:53:55,650 DEBUG - 4dbfaa11-3d9d-34fd-b809-b05733563ee1 - put action
2017-04-13 18:53:55,673 DEBUG - 4dbfaa11-3d9d-34fd-b809-b05733563ee1 - get action
2017-04-13 18:53:55,687 INFO - Server ready
2017-04-13 18:53:55,720 DEBUG - generated -0969ed03-435b-3525-a3ae-6cc7b9e9336b
2017-04-13 18:53:55,720 DEBUG - User: 0969ed03-435b-3525-a3ae-6cc7b9e9336b created.
2017-04-13 18:53:56,596 INFO - Server ready
2017-04-13 18:58:59,893 INFO - Server ready
2017-04-13 18:59:00,086 DEBUG - generated -254aba3f-af6a-3345-a94a-7f3919318b36
2017-04-13 18:59:00,087 DEBUG - User: 254aba3f-af6a-3345-a94a-7f3919318b36 created.
2017-04-13 18:59:00,132 INFO - Server ready
2017-04-13 18:59:00,199 DEBUG - generated -f27173d5-5b7e-3acb-924d-c0d46527ab49
2017-04-13 18:59:00,199 DEBUG - User: f27173d5-5b7e-3acb-924d-c0d46527ab49 created.
2017-04-13 18:59:00,213 DEBUG - generated -f27173d5-5b7e-3acb-924d-c0d46527ab49
2017-04-13 18:59:00,233 INFO - Server ready
2017-04-13 18:59:00,299 DEBUG - generated -ec652f8d-c00e-3704-8053-52e9a8015070
2017-04-13 18:59:00,299 DEBUG - User: ec652f8d-c00e-3704-8053-52e9a8015070 created.
2017-04-13 18:59:00,383 DEBUG - ec652f8d-c00e-3704-8053-52e9a8015070 - put action
2017-04-13 18:59:00,420 DEBUG - ec652f8d-c00e-3704-8053-52e9a8015070 - put action
2017-04-13 18:59:00,433 INFO - Server ready
2017-04-13 18:59:00,491 DEBUG - generated -04023060-9960-3e93-ae66-03f44a119dfe
2017-04-13 18:59:00,491 DEBUG - User: 04023060-9960-3e93-ae66-03f44a119dfe created.
2017-04-13 18:59:00,534 DEBUG - 04023060-9960-3e93-ae66-03f44a119dfe - put action
2017-04-13 18:59:00,569 DEBUG - 04023060-9960-3e93-ae66-03f44a119dfe - put action
2017-04-13 18:59:00,581 INFO - Server ready
2017-04-13 18:59:00,623 DEBUG - generated -7712f6f0-d3e3-38d5-a702-ce00451eb430
2017-04-13 18:59:00,623 DEBUG - User: 7712f6f0-d3e3-38d5-a702-ce00451eb430 created.
2017-04-13 18:59:00,660 INFO - Server ready
2017-04-13 18:59:00,737 DEBUG - generated -3ff46550-8315-3a5a-89f0-2a004985aae0
2017-04-13 18:59:00,737 DEBUG - User: 3ff46550-8315-3a5a-89f0-2a004985aae0 created.
2017-04-13 18:59:00,768 DEBUG - 3ff46550-8315-3a5a-89f0-2a004985aae0 - put action
2017-04-13 18:59:00,785 INFO - Server ready
2017-04-13 18:59:00,849 DEBUG - generated -4a8bf6cc-e3a1-38dc-afb1-a2573f2851e5
2017-04-13 18:59:00,849 DEBUG - User: 4a8bf6cc-e3a1-38dc-afb1-a2573f2851e5 created.
2017-04-13 18:59:00,872 DEBUG - 4a8bf6cc-e3a1-38dc-afb1-a2573f2851e5 - put action
2017-04-13 18:59:00,894 DEBUG - 4a8bf6cc-e3a1-38dc-afb1-a2573f2851e5 - get action
2017-04-13 18:59:00,918 INFO - Server ready
2017-04-13 18:59:00,954 DEBUG - generated -48fc4d1c-6c71-3707-95a0-7909068d8b43
2017-04-13 18:59:00,954 DEBUG - User: 48fc4d1c-6c71-3707-95a0-7909068d8b43 created.
2017-04-13 18:59:00,978 DEBUG - 48fc4d1c-6c71-3707-95a0-7909068d8b43 - put action
2017-04-13 18:59:00,988 INFO - Server ready
2017-04-13 18:59:01,025 DEBUG - generated -40de3fc2-3519-352a-9135-bcf9364492f4
2017-04-13 18:59:01,025 DEBUG - User: 40de3fc2-3519-352a-9135-bcf9364492f4 created.
2017-04-13 18:59:01,052 DEBUG - 40de3fc2-3519-352a-9135-bcf9364492f4 - put action
2017-04-13 18:59:01,063 INFO - Server ready
2017-04-13 18:59:01,130 DEBUG - generated -ccc0b998-446c-38c2-b40e-70e8f791d2a2
2017-04-13 18:59:01,130 DEBUG - User: ccc0b998-446c-38c2-b40e-70e8f791d2a2 created.
2017-04-13 18:59:01,161 DEBUG - ccc0b998-446c-38c2-b40e-70e8f791d2a2 - put action
2017-04-13 18:59:01,185 DEBUG - ccc0b998-446c-38c2-b40e-70e8f791d2a2 - get action
2017-04-13 18:59:01,215 DEBUG - ccc0b998-446c-38c2-b40e-70e8f791d2a2 - put action
2017-04-13 18:59:01,237 DEBUG - ccc0b998-446c-38c2-b40e-70e8f791d2a2 - get action
2017-04-13 18:59:01,251 INFO - Server ready
2017-04-13 18:59:01,316 DEBUG - generated -db03008b-eede-3192-828d-f92ccbd52720
2017-04-13 18:59:01,316 DEBUG - User: db03008b-eede-3192-828d-f92ccbd52720 created.
2017-04-13 18:59:02,252 INFO - Server ready
2017-04-13 18:59:47,648 INFO - Server ready
2017-04-13 18:59:47,993 DEBUG - generated -c5e4cb17-1156-3a26-9340-71aeb2091685
2017-04-13 18:59:47,993 DEBUG - User: c5e4cb17-1156-3a26-9340-71aeb2091685 created.
2017-04-13 18:59:48,041 INFO - Server ready
2017-04-13 18:59:48,176 DEBUG - generated -92609b28-d159-3993-8259-97ada0cc3d6b
2017-04-13 18:59:48,177 DEBUG - User: 92609b28-d159-3993-8259-97ada0cc3d6b created.
2017-04-13 18:59:48,197 DEBUG - generated -92609b28-d159-3993-8259-97ada0cc3d6b
2017-04-13 18:59:48,215 INFO - Server ready
2017-04-13 18:59:48,334 DEBUG - generated -1f193b6e-954b-3bdf-bfc3-67ea77c752b8
2017-04-13 18:59:48,334 DEBUG - User: 1f193b6e-954b-3bdf-bfc3-67ea77c752b8 created.
2017-04-13 18:59:48,427 DEBUG - 1f193b6e-954b-3bdf-bfc3-67ea77c752b8 - put action
2017-04-13 18:59:48,466 DEBUG - 1f193b6e-954b-3bdf-bfc3-67ea77c752b8 - put action
2017-04-13 18:59:48,478 INFO - Server ready
2017-04-13 18:59:48,518 DEBUG - generated -74e13086-0895-38f6-a466-2dca3a53fa7b
2017-04-13 18:59:48,518 DEBUG - User: 74e13086-0895-38f6-a466-2dca3a53fa7b created.
2017-04-13 18:59:48,550 DEBUG - 74e13086-0895-38f6-a466-2dca3a53fa7b - put action
2017-04-13 18:59:48,575 DEBUG - 74e13086-0895-38f6-a466-2dca3a53fa7b - put action
2017-04-13 18:59:48,590 INFO - Server ready
2017-04-13 18:59:48,653 DEBUG - generated -b6c080f1-796e-3b53-8383-cd701d3136b8
2017-04-13 18:59:48,653 DEBUG - User: b6c080f1-796e-3b53-8383-cd701d3136b8 created.
2017-04-13 18:59:48,690 INFO - Server ready
2017-04-13 18:59:48,739 DEBUG - generated -471968e6-4c85-3054-9f58-7de952a26c36
2017-04-13 18:59:48,739 DEBUG - User: 471968e6-4c85-3054-9f58-7de952a26c36 created.
2017-04-13 18:59:48,771 DEBUG - 471968e6-4c85-3054-9f58-7de952a26c36 - put action
2017-04-13 18:59:48,792 INFO - Server ready
2017-04-13 18:59:48,852 DEBUG - generated -80d61638-90f2-3fd5-bba7-68eb1688e072
2017-04-13 18:59:48,852 DEBUG - User: 80d61638-90f2-3fd5-bba7-68eb1688e072 created.
2017-04-13 18:59:48,879 DEBUG - 80d61638-90f2-3fd5-bba7-68eb1688e072 - put action
2017-04-13 18:59:48,910 DEBUG - 80d61638-90f2-3fd5-bba7-68eb1688e072 - get action
2017-04-13 18:59:48,928 INFO - Server ready
2017-04-13 18:59:48,975 DEBUG - generated -aed102dc-557d-391b-93ad-b4560ae90ca5
2017-04-13 18:59:48,975 DEBUG - User: aed102dc-557d-391b-93ad-b4560ae90ca5 created.
2017-04-13 18:59:48,999 DEBUG - aed102dc-557d-391b-93ad-b4560ae90ca5 - put action
2017-04-13 18:59:49,010 INFO - Server ready
2017-04-13 18:59:49,122 DEBUG - generated -9fbe7333-76f7-322d-b885-ea174b814eb8
2017-04-13 18:59:49,122 DEBUG - User: 9fbe7333-76f7-322d-b885-ea174b814eb8 created.
2017-04-13 18:59:49,159 DEBUG - 9fbe7333-76f7-322d-b885-ea174b814eb8 - put action
2017-04-13 18:59:49,171 INFO - Server ready
2017-04-13 18:59:49,239 DEBUG - generated -35dacdcb-ca02-3805-829e-de8c10276499
2017-04-13 18:59:49,239 DEBUG - User: 35dacdcb-ca02-3805-829e-de8c10276499 created.
2017-04-13 18:59:49,270 DEBUG - 35dacdcb-ca02-3805-829e-de8c10276499 - put action
2017-04-13 18:59:49,297 DEBUG - 35dacdcb-ca02-3805-829e-de8c10276499 - get action
2017-04-13 18:59:49,327 DEBUG - 35dacdcb-ca02-3805-829e-de8c10276499 - put action
2017-04-13 18:59:49,356 DEBUG - 35dacdcb-ca02-3805-829e-de8c10276499 - get action
2017-04-13 18:59:49,371 INFO - Server ready
2017-04-13 18:59:49,422 DEBUG - generated -8ed9f493-4d2a-370f-b2f7-8921e4887e37
2017-04-13 18:59:49,422 DEBUG - User: 8ed9f493-4d2a-370f-b2f7-8921e4887e37 created.
2017-04-13 18:59:50,309 INFO - Server ready
2017-04-13 19:01:50,191 INFO - Server ready
2017-04-13 19:02:11,512 INFO - Server ready
2017-04-13 19:02:53,956 INFO - Server ready
2017-04-13 19:03:24,503 DEBUG - generated -3fa5df92-42f6-3c03-bc68-72082178521f
2017-04-13 19:03:24,506 DEBUG - User: 3fa5df92-42f6-3c03-bc68-72082178521f created.
2017-04-13 19:05:21,337 DEBUG - generated -3fa5df92-42f6-3c03-bc68-72082178521f
2017-04-13 19:05:57,850 INFO - Server ready
2017-04-13 19:05:58,137 DEBUG - generated -25bd990d-c1f3-3cf7-a5e4-ceb7384b47b7
2017-04-13 19:05:58,138 DEBUG - User: 25bd990d-c1f3-3cf7-a5e4-ceb7384b47b7 created.
2017-04-13 19:05:58,195 INFO - Server ready
2017-04-13 19:05:58,517 DEBUG - generated -3c853fc8-dcc0-36cc-a117-634a58c7bfc5
2017-04-13 19:05:58,518 DEBUG - User: 3c853fc8-dcc0-36cc-a117-634a58c7bfc5 created.
2017-04-13 19:05:58,558 DEBUG - generated -3c853fc8-dcc0-36cc-a117-634a58c7bfc5
2017-04-13 19:05:58,588 INFO - Server ready
2017-04-13 19:05:58,679 DEBUG - generated -b3219edf-4a6a-3ed7-aaee-56f72ff61eee
2017-04-13 19:05:58,679 DEBUG - User: b3219edf-4a6a-3ed7-aaee-56f72ff61eee created.
2017-04-13 19:05:58,760 DEBUG - b3219edf-4a6a-3ed7-aaee-56f72ff61eee - put action
2017-04-13 19:05:58,801 DEBUG - b3219edf-4a6a-3ed7-aaee-56f72ff61eee - put action
2017-04-13 19:05:58,818 INFO - Server ready
2017-04-13 19:05:58,870 DEBUG - generated -abbbc839-af29-3801-aff5-3c7069cbaf2c
2017-04-13 19:05:58,870 DEBUG - User: abbbc839-af29-3801-aff5-3c7069cbaf2c created.
2017-04-13 19:05:58,915 DEBUG - abbbc839-af29-3801-aff5-3c7069cbaf2c - put action
2017-04-13 19:05:58,956 DEBUG - abbbc839-af29-3801-aff5-3c7069cbaf2c - put action
2017-04-13 19:05:58,974 INFO - Server ready
2017-04-13 19:05:59,066 DEBUG - generated -90352c8a-f2ca-3e06-bff7-f93208701095
2017-04-13 19:05:59,067 DEBUG - User: 90352c8a-f2ca-3e06-bff7-f93208701095 created.
2017-04-13 19:05:59,115 INFO - Server ready
2017-04-13 19:05:59,198 DEBUG - generated -e4fbf38c-3bd0-3fd4-ab62-4fafd7cf3362
2017-04-13 19:05:59,198 DEBUG - User: e4fbf38c-3bd0-3fd4-ab62-4fafd7cf3362 created.
2017-04-13 19:05:59,236 DEBUG - e4fbf38c-3bd0-3fd4-ab62-4fafd7cf3362 - put action
2017-04-13 19:05:59,256 INFO - Server ready
2017-04-13 19:05:59,296 DEBUG - generated -1c52ed25-89c6-3615-be31-40cabc854da4
2017-04-13 19:05:59,296 DEBUG - User: 1c52ed25-89c6-3615-be31-40cabc854da4 created.
2017-04-13 19:05:59,324 DEBUG - 1c52ed25-89c6-3615-be31-40cabc854da4 - put action
2017-04-13 19:05:59,355 DEBUG - 1c52ed25-89c6-3615-be31-40cabc854da4 - get action
2017-04-13 19:05:59,377 INFO - Server ready
2017-04-13 19:05:59,424 DEBUG - generated -5691aeb6-0a21-3226-8c1a-92e5006566a1
2017-04-13 19:05:59,424 DEBUG - User: 5691aeb6-0a21-3226-8c1a-92e5006566a1 created.
2017-04-13 19:05:59,463 DEBUG - 5691aeb6-0a21-3226-8c1a-92e5006566a1 - put action
2017-04-13 19:05:59,481 INFO - Server ready
2017-04-13 19:05:59,567 DEBUG - generated -6c397cf7-f403-34a9-a0db-5889a1621707
2017-04-13 19:05:59,567 DEBUG - User: 6c397cf7-f403-34a9-a0db-5889a1621707 created.
2017-04-13 19:05:59,606 DEBUG - 6c397cf7-f403-34a9-a0db-5889a1621707 - put action
2017-04-13 19:05:59,625 INFO - Server ready
2017-04-13 19:05:59,714 DEBUG - generated -dd68ca94-35ff-3009-9a64-e566b9d6b1ce
2017-04-13 19:05:59,714 DEBUG - User: dd68ca94-35ff-3009-9a64-e566b9d6b1ce created.
2017-04-13 19:05:59,740 DEBUG - dd68ca94-35ff-3009-9a64-e566b9d6b1ce - put action
2017-04-13 19:05:59,767 DEBUG - dd68ca94-35ff-3009-9a64-e566b9d6b1ce - get action
2017-04-13 19:05:59,795 DEBUG - dd68ca94-35ff-3009-9a64-e566b9d6b1ce - put action
2017-04-13 19:05:59,820 DEBUG - dd68ca94-35ff-3009-9a64-e566b9d6b1ce - get action
2017-04-13 19:05:59,833 INFO - Server ready
2017-04-13 19:05:59,884 DEBUG - generated -84e52074-63a1-392e-9b78-a0f7bda4313d
2017-04-13 19:05:59,884 DEBUG - User: 84e52074-63a1-392e-9b78-a0f7bda4313d created.
2017-04-13 19:06:00,801 INFO - Server ready
2017-04-13 19:06:13,817 INFO - Server ready
2017-04-13 19:06:29,934 INFO - Server ready
2017-04-13 19:06:44,010 INFO - Server ready
2017-04-13 19:07:18,967 DEBUG - generated -3fa5df92-42f6-3c03-bc68-72082178521f
2017-04-13 19:07:18,975 DEBUG - User: 3fa5df92-42f6-3c03-bc68-72082178521f created.
2017-04-13 19:07:19,399 DEBUG - generated -3fa5df92-42f6-3c03-bc68-72082178521f
2017-04-13 19:07:19,406 DEBUG - User: 3fa5df92-42f6-3c03-bc68-72082178521f created.
2017-04-13 19:07:19,729 DEBUG - generated -3fa5df92-42f6-3c03-bc68-72082178521f
2017-04-13 19:07:19,733 DEBUG - User: 3fa5df92-42f6-3c03-bc68-72082178521f created.
2017-04-13 19:07:19,979 DEBUG - generated -3fa5df92-42f6-3c03-bc68-72082178521f
2017-04-13 19:07:19,987 DEBUG - User: 3fa5df92-42f6-3c03-bc68-72082178521f created.
2017-04-13 19:07:20,312 DEBUG - generated -d7522e6c-614b-3bce-abb7-85805154c32a
2017-04-13 19:07:20,312 DEBUG - User: d7522e6c-614b-3bce-abb7-85805154c32a created.
2017-04-13 19:07:20,405 DEBUG - generated -d7522e6c-614b-3bce-abb7-85805154c32a
2017-04-13 19:07:20,405 DEBUG - User: d7522e6c-614b-3bce-abb7-85805154c32a created.
2017-04-13 19:07:20,498 DEBUG - generated -d7522e6c-614b-3bce-abb7-85805154c32a
2017-04-13 19:07:20,499 DEBUG - User: d7522e6c-614b-3bce-abb7-85805154c32a created.
2017-04-13 19:07:20,615 DEBUG - generated -d7522e6c-614b-3bce-abb7-85805154c32a
2017-04-13 19:07:20,615 DEBUG - User: d7522e6c-614b-3bce-abb7-85805154c32a created.
2017-04-13 19:08:13,399 DEBUG - generated -3fa5df92-42f6-3c03-bc68-72082178521f
2017-04-13 19:12:21,104 INFO - Server PWMServer3 ready
2017-04-13 19:12:56,726 INFO - Server PWMServer4 ready
2017-04-13 19:14:04,871 INFO - Server PWMServer1 ready
2017-04-13 19:14:05,543 DEBUG - generated -b6e45e68-6477-3d59-a859-90a3a5de959b
2017-04-13 19:14:05,544 DEBUG - User: b6e45e68-6477-3d59-a859-90a3a5de959b created.
2017-04-13 19:14:05,634 INFO - Server PWMServer1 ready
2017-04-13 19:14:05,794 DEBUG - generated -ef4b33ee-7172-3af4-b855-57811cdadb39
2017-04-13 19:14:05,795 DEBUG - User: ef4b33ee-7172-3af4-b855-57811cdadb39 created.
2017-04-13 19:14:05,825 DEBUG - generated -ef4b33ee-7172-3af4-b855-57811cdadb39
2017-04-13 19:14:05,861 INFO - Server PWMServer1 ready
2017-04-13 19:14:06,177 DEBUG - generated -d4cf3f02-e6ec-3c9b-a3b8-6ded20fcbde6
2017-04-13 19:14:06,177 DEBUG - User: d4cf3f02-e6ec-3c9b-a3b8-6ded20fcbde6 created.
2017-04-13 19:14:06,286 DEBUG - d4cf3f02-e6ec-3c9b-a3b8-6ded20fcbde6 - put action
2017-04-13 19:14:06,318 DEBUG - d4cf3f02-e6ec-3c9b-a3b8-6ded20fcbde6 - put action
2017-04-13 19:14:06,334 INFO - Server PWMServer1 ready
2017-04-13 19:14:06,405 DEBUG - generated -0f12f922-1401-3e92-9b5c-ed405b890164
2017-04-13 19:14:06,405 DEBUG - User: 0f12f922-1401-3e92-9b5c-ed405b890164 created.
2017-04-13 19:14:06,449 DEBUG - 0f12f922-1401-3e92-9b5c-ed405b890164 - put action
2017-04-13 19:14:06,489 DEBUG - 0f12f922-1401-3e92-9b5c-ed405b890164 - put action
2017-04-13 19:14:06,510 INFO - Server PWMServer1 ready
2017-04-13 19:14:06,656 DEBUG - generated -e159f70f-5c5b-3332-a24d-343a79a6e5c9
2017-04-13 19:14:06,656 DEBUG - User: e159f70f-5c5b-3332-a24d-343a79a6e5c9 created.
2017-04-13 19:14:06,743 INFO - Server PWMServer1 ready
2017-04-13 19:14:06,853 DEBUG - generated -49509db6-c940-35d2-a3f8-81588bab3667
2017-04-13 19:14:06,853 DEBUG - User: 49509db6-c940-35d2-a3f8-81588bab3667 created.
2017-04-13 19:14:06,895 DEBUG - 49509db6-c940-35d2-a3f8-81588bab3667 - put action
2017-04-13 19:14:06,926 INFO - Server PWMServer1 ready
2017-04-13 19:14:07,029 DEBUG - generated -d0031181-897d-36ae-961a-20c13c7a4b43
2017-04-13 19:14:07,030 DEBUG - User: d0031181-897d-36ae-961a-20c13c7a4b43 created.
2017-04-13 19:14:07,074 DEBUG - d0031181-897d-36ae-961a-20c13c7a4b43 - put action
2017-04-13 19:14:07,114 DEBUG - d0031181-897d-36ae-961a-20c13c7a4b43 - get action
2017-04-13 19:14:07,144 INFO - Server PWMServer1 ready
2017-04-13 19:14:07,490 DEBUG - generated -ad24ea56-6d07-3125-bf63-e5e86474da9e
2017-04-13 19:14:07,491 DEBUG - User: ad24ea56-6d07-3125-bf63-e5e86474da9e created.
2017-04-13 19:14:07,538 DEBUG - ad24ea56-6d07-3125-bf63-e5e86474da9e - put action
2017-04-13 19:14:07,557 INFO - Server PWMServer1 ready
2017-04-13 19:14:07,637 DEBUG - generated -c6e0f87b-1958-3a53-b1d9-f192ce2573b3
2017-04-13 19:14:07,638 DEBUG - User: c6e0f87b-1958-3a53-b1d9-f192ce2573b3 created.
2017-04-13 19:14:07,678 DEBUG - c6e0f87b-1958-3a53-b1d9-f192ce2573b3 - put action
2017-04-13 19:14:07,696 INFO - Server PWMServer1 ready
2017-04-13 19:14:07,766 DEBUG - generated -aa370b90-3512-3a28-8f41-7cb7cf30b37f
2017-04-13 19:14:07,766 DEBUG - User: aa370b90-3512-3a28-8f41-7cb7cf30b37f created.
2017-04-13 19:14:07,807 DEBUG - aa370b90-3512-3a28-8f41-7cb7cf30b37f - put action
2017-04-13 19:14:07,848 DEBUG - aa370b90-3512-3a28-8f41-7cb7cf30b37f - get action
2017-04-13 19:14:07,892 DEBUG - aa370b90-3512-3a28-8f41-7cb7cf30b37f - put action
2017-04-13 19:14:07,928 DEBUG - aa370b90-3512-3a28-8f41-7cb7cf30b37f - get action
2017-04-13 19:14:07,948 INFO - Server PWMServer1 ready
2017-04-13 19:14:08,049 DEBUG - generated -b33bafae-0458-3ded-a425-31ccd8e21c67
2017-04-13 19:14:08,049 DEBUG - User: b33bafae-0458-3ded-a425-31ccd8e21c67 created.
2017-04-13 19:14:09,324 INFO - Server PWMServer1 ready
2017-04-13 19:14:59,788 INFO - Server PWMServer2 ready
2017-04-13 19:15:27,956 DEBUG - generated -3fa5df92-42f6-3c03-bc68-72082178521f
2017-04-13 19:15:27,962 DEBUG - User: 3fa5df92-42f6-3c03-bc68-72082178521f created.
2017-04-13 19:15:28,357 DEBUG - generated -3fa5df92-42f6-3c03-bc68-72082178521f
2017-04-13 19:15:28,362 DEBUG - User: 3fa5df92-42f6-3c03-bc68-72082178521f created.
2017-04-13 19:15:28,736 DEBUG - generated -3fa5df92-42f6-3c03-bc68-72082178521f
2017-04-13 19:15:28,741 DEBUG - User: 3fa5df92-42f6-3c03-bc68-72082178521f created.
2017-04-13 19:15:29,125 DEBUG - generated -3fa5df92-42f6-3c03-bc68-72082178521f
2017-04-13 19:15:29,198 DEBUG - User: 3fa5df92-42f6-3c03-bc68-72082178521f created.
2017-04-13 19:15:29,435 DEBUG - generated -d7522e6c-614b-3bce-abb7-85805154c32a
2017-04-13 19:15:29,436 DEBUG - User: d7522e6c-614b-3bce-abb7-85805154c32a created.
2017-04-13 19:15:29,513 DEBUG - generated -d7522e6c-614b-3bce-abb7-85805154c32a
2017-04-13 19:15:29,514 DEBUG - User: d7522e6c-614b-3bce-abb7-85805154c32a created.
2017-04-13 19:15:29,593 DEBUG - generated -d7522e6c-614b-3bce-abb7-85805154c32a
2017-04-13 19:15:29,593 DEBUG - User: d7522e6c-614b-3bce-abb7-85805154c32a created.
2017-04-13 19:15:29,666 DEBUG - generated -d7522e6c-614b-3bce-abb7-85805154c32a
2017-04-13 19:15:29,666 DEBUG - User: d7522e6c-614b-3bce-abb7-85805154c32a created.
2017-04-13 19:19:45,121 DEBUG - generated -3fa5df92-42f6-3c03-bc68-72082178521f
2017-04-13 19:20:13,318 INFO - Server PWMServer3 ready
2017-04-13 19:20:26,496 INFO - Server PWMServer4 ready
2017-04-13 19:21:27,881 INFO - Server PWMServer1 ready
2017-04-13 19:21:28,250 DEBUG - generated -69cb1294-43a3-3c30-a43b-7a1547f732e3
2017-04-13 19:21:28,250 DEBUG - User: 69cb1294-43a3-3c30-a43b-7a1547f732e3 created.
2017-04-13 19:21:28,293 INFO - Server PWMServer1 ready
2017-04-13 19:21:28,355 DEBUG - generated -ccc17ef1-bf34-34d1-ba81-911e41bfe93a
2017-04-13 19:21:28,355 DEBUG - User: ccc17ef1-bf34-34d1-ba81-911e41bfe93a created.
2017-04-13 19:21:28,369 DEBUG - generated -ccc17ef1-bf34-34d1-ba81-911e41bfe93a
2017-04-13 19:21:28,393 INFO - Server PWMServer1 ready
2017-04-13 19:21:28,507 DEBUG - generated -2dbf4ac0-cb31-3c33-adb2-b7113a8321ce
2017-04-13 19:21:28,507 DEBUG - User: 2dbf4ac0-cb31-3c33-adb2-b7113a8321ce created.
2017-04-13 19:21:28,600 DEBUG - 2dbf4ac0-cb31-3c33-adb2-b7113a8321ce - put action
2017-04-13 19:21:28,634 DEBUG - 2dbf4ac0-cb31-3c33-adb2-b7113a8321ce - put action
2017-04-13 19:21:28,650 INFO - Server PWMServer1 ready
2017-04-13 19:21:28,720 DEBUG - generated -f74b66ef-1006-3a52-8548-0c8cb6f7ba28
2017-04-13 19:21:28,720 DEBUG - User: f74b66ef-1006-3a52-8548-0c8cb6f7ba28 created.
2017-04-13 19:21:28,748 DEBUG - f74b66ef-1006-3a52-8548-0c8cb6f7ba28 - put action
2017-04-13 19:21:28,775 DEBUG - f74b66ef-1006-3a52-8548-0c8cb6f7ba28 - put action
2017-04-13 19:21:28,787 INFO - Server PWMServer1 ready
2017-04-13 19:21:28,835 DEBUG - generated -3b0c348e-1873-3ed2-acdc-712ce1b0c911
2017-04-13 19:21:28,835 DEBUG - User: 3b0c348e-1873-3ed2-acdc-712ce1b0c911 created.
2017-04-13 19:21:28,870 INFO - Server PWMServer1 ready
2017-04-13 19:21:28,917 DEBUG - generated -3ec94baf-2421-35bd-a098-dc114d0a2ecf
2017-04-13 19:21:28,917 DEBUG - User: 3ec94baf-2421-35bd-a098-dc114d0a2ecf created.
2017-04-13 19:21:28,945 DEBUG - 3ec94baf-2421-35bd-a098-dc114d0a2ecf - put action
2017-04-13 19:21:28,961 INFO - Server PWMServer1 ready
2017-04-13 19:21:29,023 DEBUG - generated -4bfaa279-6072-3cd4-ae5c-ec08de87d4ea
2017-04-13 19:21:29,023 DEBUG - User: 4bfaa279-6072-3cd4-ae5c-ec08de87d4ea created.
2017-04-13 19:21:29,048 DEBUG - 4bfaa279-6072-3cd4-ae5c-ec08de87d4ea - put action
2017-04-13 19:21:29,079 DEBUG - 4bfaa279-6072-3cd4-ae5c-ec08de87d4ea - get action
2017-04-13 19:21:29,101 INFO - Server PWMServer1 ready
2017-04-13 19:21:29,175 DEBUG - generated -de9c38ac-b3c5-3f98-b1cc-f47ca2f2a75f
2017-04-13 19:21:29,175 DEBUG - User: de9c38ac-b3c5-3f98-b1cc-f47ca2f2a75f created.
2017-04-13 19:21:29,214 DEBUG - de9c38ac-b3c5-3f98-b1cc-f47ca2f2a75f - put action
2017-04-13 19:21:29,225 INFO - Server PWMServer1 ready
2017-04-13 19:21:29,274 DEBUG - generated -8fcfc873-c44a-3358-9f48-b095f82faae9
2017-04-13 19:21:29,274 DEBUG - User: 8fcfc873-c44a-3358-9f48-b095f82faae9 created.
2017-04-13 19:21:29,298 DEBUG - 8fcfc873-c44a-3358-9f48-b095f82faae9 - put action
2017-04-13 19:21:29,309 INFO - Server PWMServer1 ready
2017-04-13 19:21:29,356 DEBUG - generated -cde665a5-b135-3187-a253-9da7b90da5a2
2017-04-13 19:21:29,356 DEBUG - User: cde665a5-b135-3187-a253-9da7b90da5a2 created.
2017-04-13 19:21:29,381 DEBUG - cde665a5-b135-3187-a253-9da7b90da5a2 - put action
2017-04-13 19:21:29,402 DEBUG - cde665a5-b135-3187-a253-9da7b90da5a2 - get action
2017-04-13 19:21:29,428 DEBUG - cde665a5-b135-3187-a253-9da7b90da5a2 - put action
2017-04-13 19:21:29,449 DEBUG - cde665a5-b135-3187-a253-9da7b90da5a2 - get action
2017-04-13 19:21:29,463 INFO - Server PWMServer1 ready
2017-04-13 19:21:29,524 DEBUG - generated -39340fca-3561-30ea-9686-f32226a491e3
2017-04-13 19:21:29,524 DEBUG - User: 39340fca-3561-30ea-9686-f32226a491e3 created.
2017-04-13 19:21:30,450 INFO - Server PWMServer1 ready
2017-04-13 19:21:47,346 INFO - Server PWMServer3 ready
2017-04-13 19:21:54,718 INFO - Server PWMServer4 ready
2017-04-13 19:22:17,402 INFO - Server PWMServer2 ready
2017-04-13 19:22:44,198 DEBUG - generated -3fa5df92-42f6-3c03-bc68-72082178521f
2017-04-13 19:22:44,203 DEBUG - User: 3fa5df92-42f6-3c03-bc68-72082178521f created.
2017-04-13 19:22:44,587 DEBUG - generated -3fa5df92-42f6-3c03-bc68-72082178521f
2017-04-13 19:22:44,597 DEBUG - User: 3fa5df92-42f6-3c03-bc68-72082178521f created.
2017-04-13 19:22:44,864 DEBUG - generated -3fa5df92-42f6-3c03-bc68-72082178521f
2017-04-13 19:22:44,875 DEBUG - User: 3fa5df92-42f6-3c03-bc68-72082178521f created.
2017-04-13 19:22:45,225 DEBUG - generated -3fa5df92-42f6-3c03-bc68-72082178521f
2017-04-13 19:22:45,245 DEBUG - User: 3fa5df92-42f6-3c03-bc68-72082178521f created.
2017-04-13 19:22:45,603 DEBUG - generated -d7522e6c-614b-3bce-abb7-85805154c32a
2017-04-13 19:22:45,603 DEBUG - User: d7522e6c-614b-3bce-abb7-85805154c32a created.
2017-04-13 19:22:45,670 DEBUG - generated -d7522e6c-614b-3bce-abb7-85805154c32a
2017-04-13 19:22:45,671 DEBUG - User: d7522e6c-614b-3bce-abb7-85805154c32a created.
2017-04-13 19:22:45,727 DEBUG - generated -d7522e6c-614b-3bce-abb7-85805154c32a
2017-04-13 19:22:45,727 DEBUG - User: d7522e6c-614b-3bce-abb7-85805154c32a created.
2017-04-13 19:22:45,754 DEBUG - generated -d7522e6c-614b-3bce-abb7-85805154c32a
2017-04-13 19:22:45,754 DEBUG - User: d7522e6c-614b-3bce-abb7-85805154c32a created.
